{"/Users/1100628/study/nestjs-unit-testing/src/jwt/jwt.service.ts": {"path":"/Users/1100628/study/nestjs-unit-testing/src/jwt/jwt.service.ts","statementMap":{"0":{"start":{"line":1,"column":0},"end":{"line":1,"column":52}},"1":{"start":{"line":2,"column":0},"end":{"line":2,"column":36}},"2":{"start":{"line":4,"column":0},"end":{"line":4,"column":49}},"3":{"start":{"line":7,"column":0},"end":{"line":19,"column":null}},"4":{"start":{"line":9,"column":45},"end":{"line":9,"column":70}},"5":{"start":{"line":13,"column":4},"end":{"line":13,"column":61}},"6":{"start":{"line":17,"column":4},"end":{"line":17,"column":54}},"7":{"start":{"line":7,"column":13},"end":{"line":19,"column":null}},"8":{"start":{"line":7,"column":13},"end":{"line":7,"column":23}}},"fnMap":{"0":{"name":"(anonymous_4)","decl":{"start":{"line":8,"column":2},"end":{"line":8,"column":null}},"loc":{"start":{"line":9,"column":70},"end":{"line":10,"column":6}}},"1":{"name":"(anonymous_5)","decl":{"start":{"line":12,"column":2},"end":{"line":12,"column":6}},"loc":{"start":{"line":12,"column":21},"end":{"line":14,"column":3}}},"2":{"name":"(anonymous_6)","decl":{"start":{"line":16,"column":2},"end":{"line":16,"column":8}},"loc":{"start":{"line":16,"column":22},"end":{"line":18,"column":3}}}},"branchMap":{},"s":{"0":2,"1":2,"2":2,"3":2,"4":3,"5":1,"6":1,"7":2,"8":2},"f":{"0":3,"1":1,"2":1},"b":{}}
,"/Users/1100628/study/nestjs-unit-testing/src/users/users.service.ts": {"path":"/Users/1100628/study/nestjs-unit-testing/src/users/users.service.ts","statementMap":{"0":{"start":{"line":1,"column":0},"end":{"line":1,"column":44}},"1":{"start":{"line":2,"column":0},"end":{"line":2,"column":46}},"2":{"start":{"line":8,"column":0},"end":{"line":8,"column":51}},"3":{"start":{"line":9,"column":0},"end":{"line":9,"column":37}},"4":{"start":{"line":10,"column":0},"end":{"line":10,"column":48}},"5":{"start":{"line":15,"column":0},"end":{"line":119,"column":null}},"6":{"start":{"line":18,"column":21},"end":{"line":18,"column":28}},"7":{"start":{"line":19,"column":21},"end":{"line":19,"column":33}},"8":{"start":{"line":27,"column":4},"end":{"line":48,"column":null}},"9":{"start":{"line":28,"column":21},"end":{"line":28,"column":56}},"10":{"start":{"line":29,"column":6},"end":{"line":31,"column":null}},"11":{"start":{"line":30,"column":8},"end":{"line":30,"column":79}},"12":{"start":{"line":32,"column":19},"end":{"line":36,"column":8}},"13":{"start":{"line":37,"column":6},"end":{"line":37,"column":34}},"14":{"start":{"line":39,"column":6},"end":{"line":42,"column":8}},"15":{"start":{"line":44,"column":6},"end":{"line":47,"column":8}},"16":{"start":{"line":51,"column":4},"end":{"line":78,"column":null}},"17":{"start":{"line":52,"column":19},"end":{"line":54,"column":null}},"18":{"start":{"line":56,"column":6},"end":{"line":58,"column":null}},"19":{"start":{"line":57,"column":8},"end":{"line":57,"column":54}},"20":{"start":{"line":59,"column":30},"end":{"line":59,"column":64}},"21":{"start":{"line":60,"column":6},"end":{"line":65,"column":null}},"22":{"start":{"line":61,"column":8},"end":{"line":64,"column":10}},"23":{"start":{"line":67,"column":20},"end":{"line":67,"column":49}},"24":{"start":{"line":69,"column":6},"end":{"line":72,"column":8}},"25":{"start":{"line":74,"column":6},"end":{"line":77,"column":8}},"26":{"start":{"line":82,"column":4},"end":{"line":93,"column":null}},"27":{"start":{"line":83,"column":19},"end":{"line":83,"column":57}},"28":{"start":{"line":84,"column":6},"end":{"line":87,"column":8}},"29":{"start":{"line":89,"column":6},"end":{"line":92,"column":8}},"30":{"start":{"line":100,"column":4},"end":{"line":117,"column":null}},"31":{"start":{"line":101,"column":19},"end":{"line":101,"column":51}},"32":{"start":{"line":102,"column":6},"end":{"line":104,"column":null}},"33":{"start":{"line":103,"column":8},"end":{"line":103,"column":27}},"34":{"start":{"line":105,"column":6},"end":{"line":107,"column":null}},"35":{"start":{"line":106,"column":8},"end":{"line":106,"column":33}},"36":{"start":{"line":108,"column":6},"end":{"line":108,"column":34}},"37":{"start":{"line":109,"column":6},"end":{"line":111,"column":8}},"38":{"start":{"line":113,"column":6},"end":{"line":116,"column":8}},"39":{"start":{"line":15,"column":13},"end":{"line":119,"column":null}},"40":{"start":{"line":15,"column":13},"end":{"line":15,"column":25}}},"fnMap":{"0":{"name":"(anonymous_4)","decl":{"start":{"line":16,"column":2},"end":{"line":16,"column":null}},"loc":{"start":{"line":19,"column":43},"end":{"line":20,"column":6}}},"1":{"name":"(anonymous_5)","decl":{"start":{"line":22,"column":2},"end":{"line":22,"column":7}},"loc":{"start":{"line":26,"column":23},"end":{"line":49,"column":3}}},"2":{"name":"(anonymous_6)","decl":{"start":{"line":50,"column":2},"end":{"line":50,"column":7}},"loc":{"start":{"line":50,"column":45},"end":{"line":79,"column":3}}},"3":{"name":"(anonymous_7)","decl":{"start":{"line":81,"column":2},"end":{"line":81,"column":7}},"loc":{"start":{"line":81,"column":27},"end":{"line":94,"column":3}}},"4":{"name":"(anonymous_8)","decl":{"start":{"line":96,"column":2},"end":{"line":96,"column":7}},"loc":{"start":{"line":98,"column":41},"end":{"line":118,"column":3}}}},"branchMap":{"0":{"loc":{"start":{"line":29,"column":6},"end":{"line":31,"column":null}},"type":"if","locations":[{"start":{"line":29,"column":6},"end":{"line":31,"column":null}},{"start":{"line":29,"column":6},"end":{"line":31,"column":null}}]},"1":{"loc":{"start":{"line":56,"column":6},"end":{"line":58,"column":null}},"type":"if","locations":[{"start":{"line":56,"column":6},"end":{"line":58,"column":null}},{"start":{"line":56,"column":6},"end":{"line":58,"column":null}}]},"2":{"loc":{"start":{"line":60,"column":6},"end":{"line":65,"column":null}},"type":"if","locations":[{"start":{"line":60,"column":6},"end":{"line":65,"column":null}},{"start":{"line":60,"column":6},"end":{"line":65,"column":null}}]},"3":{"loc":{"start":{"line":102,"column":6},"end":{"line":104,"column":null}},"type":"if","locations":[{"start":{"line":102,"column":6},"end":{"line":104,"column":null}},{"start":{"line":102,"column":6},"end":{"line":104,"column":null}}]},"4":{"loc":{"start":{"line":105,"column":6},"end":{"line":107,"column":null}},"type":"if","locations":[{"start":{"line":105,"column":6},"end":{"line":107,"column":null}},{"start":{"line":105,"column":6},"end":{"line":107,"column":null}}]}},"s":{"0":1,"1":1,"2":1,"3":1,"4":1,"5":1,"6":4,"7":4,"8":3,"9":3,"10":2,"11":1,"12":1,"13":1,"14":1,"15":1,"16":0,"17":0,"18":0,"19":0,"20":0,"21":0,"22":0,"23":0,"24":0,"25":0,"26":0,"27":0,"28":0,"29":0,"30":0,"31":0,"32":0,"33":0,"34":0,"35":0,"36":0,"37":0,"38":0,"39":1,"40":1},"f":{"0":4,"1":3,"2":0,"3":0,"4":0},"b":{"0":[1,1],"1":[0,0],"2":[0,0],"3":[0,0],"4":[0,0]}}
}
