{"/Users/1100628/study/nestjs-unit-testing/src/jwt/jwt.service.ts": {"path":"/Users/1100628/study/nestjs-unit-testing/src/jwt/jwt.service.ts","statementMap":{"0":{"start":{"line":1,"column":0},"end":{"line":1,"column":52}},"1":{"start":{"line":2,"column":0},"end":{"line":2,"column":36}},"2":{"start":{"line":4,"column":0},"end":{"line":4,"column":49}},"3":{"start":{"line":7,"column":0},"end":{"line":19,"column":null}},"4":{"start":{"line":9,"column":45},"end":{"line":9,"column":70}},"5":{"start":{"line":13,"column":4},"end":{"line":13,"column":61}},"6":{"start":{"line":17,"column":4},"end":{"line":17,"column":54}},"7":{"start":{"line":7,"column":13},"end":{"line":19,"column":null}},"8":{"start":{"line":7,"column":13},"end":{"line":7,"column":23}}},"fnMap":{"0":{"name":"(anonymous_4)","decl":{"start":{"line":8,"column":2},"end":{"line":8,"column":null}},"loc":{"start":{"line":9,"column":70},"end":{"line":10,"column":6}}},"1":{"name":"(anonymous_5)","decl":{"start":{"line":12,"column":2},"end":{"line":12,"column":6}},"loc":{"start":{"line":12,"column":21},"end":{"line":14,"column":3}}},"2":{"name":"(anonymous_6)","decl":{"start":{"line":16,"column":2},"end":{"line":16,"column":8}},"loc":{"start":{"line":16,"column":22},"end":{"line":18,"column":3}}}},"branchMap":{},"s":{"0":0,"1":0,"2":0,"3":0,"4":0,"5":0,"6":0,"7":0,"8":0},"f":{"0":0,"1":0,"2":0},"b":{}}
,"/Users/1100628/study/nestjs-unit-testing/src/podcast/podcasts.service.ts": {"path":"/Users/1100628/study/nestjs-unit-testing/src/podcast/podcasts.service.ts","statementMap":{"0":{"start":{"line":1,"column":0},"end":{"line":1,"column":44}},"1":{"start":{"line":12,"column":0},"end":{"line":12,"column":52}},"2":{"start":{"line":13,"column":0},"end":{"line":13,"column":52}},"3":{"start":{"line":22,"column":0},"end":{"line":22,"column":51}},"4":{"start":{"line":23,"column":0},"end":{"line":23,"column":37}},"5":{"start":{"line":26,"column":0},"end":{"line":237,"column":null}},"6":{"start":{"line":29,"column":21},"end":{"line":29,"column":40}},"7":{"start":{"line":31,"column":21},"end":{"line":31,"column":40}},"8":{"start":{"line":34,"column":19},"end":{"line":37,"column":4}},"9":{"start":{"line":40,"column":4},"end":{"line":49,"column":null}},"10":{"start":{"line":41,"column":23},"end":{"line":41,"column":58}},"11":{"start":{"line":42,"column":6},"end":{"line":45,"column":8}},"12":{"start":{"line":47,"column":6},"end":{"line":47,"column":21}},"13":{"start":{"line":48,"column":6},"end":{"line":48,"column":44}},"14":{"start":{"line":56,"column":4},"end":{"line":66,"column":null}},"15":{"start":{"line":57,"column":25},"end":{"line":57,"column":75}},"16":{"start":{"line":58,"column":21},"end":{"line":58,"column":66}},"17":{"start":{"line":59,"column":6},"end":{"line":62,"column":8}},"18":{"start":{"line":64,"column":6},"end":{"line":64,"column":21}},"19":{"start":{"line":65,"column":6},"end":{"line":65,"column":44}},"20":{"start":{"line":70,"column":4},"end":{"line":88,"column":null}},"21":{"start":{"line":71,"column":22},"end":{"line":73,"column":null}},"22":{"start":{"line":75,"column":6},"end":{"line":80,"column":null}},"23":{"start":{"line":76,"column":8},"end":{"line":79,"column":10}},"24":{"start":{"line":81,"column":6},"end":{"line":84,"column":8}},"25":{"start":{"line":86,"column":6},"end":{"line":86,"column":21}},"26":{"start":{"line":87,"column":6},"end":{"line":87,"column":44}},"27":{"start":{"line":92,"column":4},"end":{"line":102,"column":null}},"28":{"start":{"line":93,"column":28},"end":{"line":93,"column":53}},"29":{"start":{"line":94,"column":6},"end":{"line":96,"column":null}},"30":{"start":{"line":95,"column":8},"end":{"line":95,"column":29}},"31":{"start":{"line":97,"column":6},"end":{"line":97,"column":50}},"32":{"start":{"line":98,"column":6},"end":{"line":98,"column":20}},"33":{"start":{"line":100,"column":6},"end":{"line":100,"column":21}},"34":{"start":{"line":101,"column":6},"end":{"line":101,"column":44}},"35":{"start":{"line":109,"column":4},"end":{"line":128,"column":null}},"36":{"start":{"line":110,"column":37},"end":{"line":110,"column":62}},"37":{"start":{"line":111,"column":6},"end":{"line":113,"column":null}},"38":{"start":{"line":112,"column":8},"end":{"line":112,"column":29}},"39":{"start":{"line":114,"column":6},"end":{"line":121,"column":null}},"40":{"start":{"line":115,"column":8},"end":{"line":120,"column":null}},"41":{"start":{"line":116,"column":10},"end":{"line":119,"column":12}},"42":{"start":{"line":122,"column":26},"end":{"line":122,"column":64}},"43":{"start":{"line":123,"column":6},"end":{"line":123,"column":56}},"44":{"start":{"line":124,"column":6},"end":{"line":124,"column":20}},"45":{"start":{"line":126,"column":6},"end":{"line":126,"column":21}},"46":{"start":{"line":127,"column":6},"end":{"line":127,"column":44}},"47":{"start":{"line":132,"column":4},"end":{"line":144,"column":null}},"48":{"start":{"line":133,"column":37},"end":{"line":133,"column":69}},"49":{"start":{"line":134,"column":6},"end":{"line":136,"column":null}},"50":{"start":{"line":135,"column":8},"end":{"line":135,"column":29}},"51":{"start":{"line":137,"column":6},"end":{"line":140,"column":8}},"52":{"start":{"line":142,"column":6},"end":{"line":142,"column":21}},"53":{"start":{"line":143,"column":6},"end":{"line":143,"column":44}},"54":{"start":{"line":151,"column":4},"end":{"line":170,"column":null}},"55":{"start":{"line":152,"column":38},"end":{"line":152,"column":71}},"56":{"start":{"line":153,"column":6},"end":{"line":155,"column":null}},"57":{"start":{"line":154,"column":8},"end":{"line":154,"column":29}},"58":{"start":{"line":156,"column":22},"end":{"line":156,"column":72}},"59":{"start":{"line":156,"column":47},"end":{"line":156,"column":71}},"60":{"start":{"line":157,"column":6},"end":{"line":162,"column":null}},"61":{"start":{"line":158,"column":8},"end":{"line":161,"column":10}},"62":{"start":{"line":163,"column":6},"end":{"line":166,"column":8}},"63":{"start":{"line":168,"column":6},"end":{"line":168,"column":21}},"64":{"start":{"line":169,"column":6},"end":{"line":169,"column":44}},"65":{"start":{"line":178,"column":4},"end":{"line":193,"column":null}},"66":{"start":{"line":179,"column":37},"end":{"line":179,"column":69}},"67":{"start":{"line":180,"column":6},"end":{"line":182,"column":null}},"68":{"start":{"line":181,"column":8},"end":{"line":181,"column":29}},"69":{"start":{"line":183,"column":25},"end":{"line":183,"column":75}},"70":{"start":{"line":184,"column":6},"end":{"line":184,"column":35}},"71":{"start":{"line":185,"column":21},"end":{"line":185,"column":66}},"72":{"start":{"line":186,"column":6},"end":{"line":189,"column":8}},"73":{"start":{"line":191,"column":6},"end":{"line":191,"column":21}},"74":{"start":{"line":192,"column":6},"end":{"line":192,"column":44}},"75":{"start":{"line":200,"column":4},"end":{"line":213,"column":null}},"76":{"start":{"line":201,"column":37},"end":{"line":204,"column":8}},"77":{"start":{"line":205,"column":6},"end":{"line":207,"column":null}},"78":{"start":{"line":206,"column":8},"end":{"line":206,"column":29}},"79":{"start":{"line":208,"column":6},"end":{"line":208,"column":62}},"80":{"start":{"line":209,"column":6},"end":{"line":209,"column":26}},"81":{"start":{"line":211,"column":6},"end":{"line":211,"column":21}},"82":{"start":{"line":212,"column":6},"end":{"line":212,"column":44}},"83":{"start":{"line":218,"column":13},"end":{"line":218,"column":null}},"84":{"start":{"line":219,"column":11},"end":{"line":220,"column":23}},"85":{"start":{"line":221,"column":4},"end":{"line":235,"column":null}},"86":{"start":{"line":222,"column":37},"end":{"line":225,"column":8}},"87":{"start":{"line":226,"column":6},"end":{"line":228,"column":null}},"88":{"start":{"line":227,"column":8},"end":{"line":227,"column":29}},"89":{"start":{"line":229,"column":26},"end":{"line":229,"column":52}},"90":{"start":{"line":230,"column":6},"end":{"line":230,"column":56}},"91":{"start":{"line":231,"column":6},"end":{"line":231,"column":26}},"92":{"start":{"line":233,"column":6},"end":{"line":233,"column":21}},"93":{"start":{"line":234,"column":6},"end":{"line":234,"column":44}},"94":{"start":{"line":26,"column":13},"end":{"line":237,"column":null}},"95":{"start":{"line":26,"column":13},"end":{"line":26,"column":28}}},"fnMap":{"0":{"name":"(anonymous_5)","decl":{"start":{"line":27,"column":2},"end":{"line":27,"column":null}},"loc":{"start":{"line":31,"column":59},"end":{"line":32,"column":6}}},"1":{"name":"(anonymous_6)","decl":{"start":{"line":39,"column":2},"end":{"line":39,"column":7}},"loc":{"start":{"line":39,"column":22},"end":{"line":50,"column":3}}},"2":{"name":"(anonymous_7)","decl":{"start":{"line":52,"column":2},"end":{"line":52,"column":7}},"loc":{"start":{"line":55,"column":23},"end":{"line":67,"column":3}}},"3":{"name":"(anonymous_8)","decl":{"start":{"line":69,"column":2},"end":{"line":69,"column":7}},"loc":{"start":{"line":69,"column":29},"end":{"line":89,"column":3}}},"4":{"name":"(anonymous_9)","decl":{"start":{"line":91,"column":2},"end":{"line":91,"column":7}},"loc":{"start":{"line":91,"column":32},"end":{"line":103,"column":3}}},"5":{"name":"(anonymous_10)","decl":{"start":{"line":105,"column":2},"end":{"line":105,"column":7}},"loc":{"start":{"line":108,"column":23},"end":{"line":129,"column":3}}},"6":{"name":"(anonymous_11)","decl":{"start":{"line":131,"column":2},"end":{"line":131,"column":7}},"loc":{"start":{"line":131,"column":37},"end":{"line":145,"column":3}}},"7":{"name":"(anonymous_12)","decl":{"start":{"line":147,"column":2},"end":{"line":147,"column":7}},"loc":{"start":{"line":150,"column":24},"end":{"line":171,"column":3}}},"8":{"name":"(anonymous_13)","decl":{"start":{"line":156,"column":36},"end":{"line":156,"column":43}},"loc":{"start":{"line":156,"column":47},"end":{"line":156,"column":71}}},"9":{"name":"(anonymous_14)","decl":{"start":{"line":173,"column":2},"end":{"line":173,"column":7}},"loc":{"start":{"line":177,"column":23},"end":{"line":194,"column":3}}},"10":{"name":"(anonymous_15)","decl":{"start":{"line":196,"column":2},"end":{"line":196,"column":7}},"loc":{"start":{"line":199,"column":24},"end":{"line":214,"column":3}}},"11":{"name":"(anonymous_16)","decl":{"start":{"line":216,"column":2},"end":{"line":216,"column":7}},"loc":{"start":{"line":220,"column":23},"end":{"line":236,"column":3}}}},"branchMap":{"0":{"loc":{"start":{"line":75,"column":6},"end":{"line":80,"column":null}},"type":"if","locations":[{"start":{"line":75,"column":6},"end":{"line":80,"column":null}},{"start":{"line":75,"column":6},"end":{"line":80,"column":null}}]},"1":{"loc":{"start":{"line":94,"column":6},"end":{"line":96,"column":null}},"type":"if","locations":[{"start":{"line":94,"column":6},"end":{"line":96,"column":null}},{"start":{"line":94,"column":6},"end":{"line":96,"column":null}}]},"2":{"loc":{"start":{"line":111,"column":6},"end":{"line":113,"column":null}},"type":"if","locations":[{"start":{"line":111,"column":6},"end":{"line":113,"column":null}},{"start":{"line":111,"column":6},"end":{"line":113,"column":null}}]},"3":{"loc":{"start":{"line":114,"column":6},"end":{"line":121,"column":null}},"type":"if","locations":[{"start":{"line":114,"column":6},"end":{"line":121,"column":null}},{"start":{"line":114,"column":6},"end":{"line":121,"column":null}}]},"4":{"loc":{"start":{"line":115,"column":8},"end":{"line":120,"column":null}},"type":"if","locations":[{"start":{"line":115,"column":8},"end":{"line":120,"column":null}},{"start":{"line":115,"column":8},"end":{"line":120,"column":null}}]},"5":{"loc":{"start":{"line":115,"column":12},"end":{"line":115,"column":30}},"type":"binary-expr","locations":[{"start":{"line":115,"column":12},"end":{"line":115,"column":30}},{"start":{"line":115,"column":34},"end":{"line":115,"column":52}}]},"6":{"loc":{"start":{"line":134,"column":6},"end":{"line":136,"column":null}},"type":"if","locations":[{"start":{"line":134,"column":6},"end":{"line":136,"column":null}},{"start":{"line":134,"column":6},"end":{"line":136,"column":null}}]},"7":{"loc":{"start":{"line":153,"column":6},"end":{"line":155,"column":null}},"type":"if","locations":[{"start":{"line":153,"column":6},"end":{"line":155,"column":null}},{"start":{"line":153,"column":6},"end":{"line":155,"column":null}}]},"8":{"loc":{"start":{"line":157,"column":6},"end":{"line":162,"column":null}},"type":"if","locations":[{"start":{"line":157,"column":6},"end":{"line":162,"column":null}},{"start":{"line":157,"column":6},"end":{"line":162,"column":null}}]},"9":{"loc":{"start":{"line":180,"column":6},"end":{"line":182,"column":null}},"type":"if","locations":[{"start":{"line":180,"column":6},"end":{"line":182,"column":null}},{"start":{"line":180,"column":6},"end":{"line":182,"column":null}}]},"10":{"loc":{"start":{"line":205,"column":6},"end":{"line":207,"column":null}},"type":"if","locations":[{"start":{"line":205,"column":6},"end":{"line":207,"column":null}},{"start":{"line":205,"column":6},"end":{"line":207,"column":null}}]},"11":{"loc":{"start":{"line":226,"column":6},"end":{"line":228,"column":null}},"type":"if","locations":[{"start":{"line":226,"column":6},"end":{"line":228,"column":null}},{"start":{"line":226,"column":6},"end":{"line":228,"column":null}}]}},"s":{"0":1,"1":1,"2":1,"3":1,"4":1,"5":1,"6":3,"7":3,"8":3,"9":2,"10":2,"11":1,"12":1,"13":1,"14":0,"15":0,"16":0,"17":0,"18":0,"19":0,"20":0,"21":0,"22":0,"23":0,"24":0,"25":0,"26":0,"27":0,"28":0,"29":0,"30":0,"31":0,"32":0,"33":0,"34":0,"35":0,"36":0,"37":0,"38":0,"39":0,"40":0,"41":0,"42":0,"43":0,"44":0,"45":0,"46":0,"47":0,"48":0,"49":0,"50":0,"51":0,"52":0,"53":0,"54":0,"55":0,"56":0,"57":0,"58":0,"59":0,"60":0,"61":0,"62":0,"63":0,"64":0,"65":0,"66":0,"67":0,"68":0,"69":0,"70":0,"71":0,"72":0,"73":0,"74":0,"75":0,"76":0,"77":0,"78":0,"79":0,"80":0,"81":0,"82":0,"83":0,"84":0,"85":0,"86":0,"87":0,"88":0,"89":0,"90":0,"91":0,"92":0,"93":0,"94":1,"95":1},"f":{"0":3,"1":2,"2":0,"3":0,"4":0,"5":0,"6":0,"7":0,"8":0,"9":0,"10":0,"11":0},"b":{"0":[0,0],"1":[0,0],"2":[0,0],"3":[0,0],"4":[0,0],"5":[0,0],"6":[0,0],"7":[0,0],"8":[0,0],"9":[0,0],"10":[0,0],"11":[0,0]}}
,"/Users/1100628/study/nestjs-unit-testing/src/users/users.service.ts": {"path":"/Users/1100628/study/nestjs-unit-testing/src/users/users.service.ts","statementMap":{"0":{"start":{"line":1,"column":0},"end":{"line":1,"column":44}},"1":{"start":{"line":2,"column":0},"end":{"line":2,"column":46}},"2":{"start":{"line":8,"column":0},"end":{"line":8,"column":51}},"3":{"start":{"line":9,"column":0},"end":{"line":9,"column":37}},"4":{"start":{"line":10,"column":0},"end":{"line":10,"column":48}},"5":{"start":{"line":15,"column":0},"end":{"line":119,"column":null}},"6":{"start":{"line":18,"column":21},"end":{"line":18,"column":28}},"7":{"start":{"line":19,"column":21},"end":{"line":19,"column":33}},"8":{"start":{"line":27,"column":4},"end":{"line":48,"column":null}},"9":{"start":{"line":28,"column":21},"end":{"line":28,"column":56}},"10":{"start":{"line":29,"column":6},"end":{"line":31,"column":null}},"11":{"start":{"line":30,"column":8},"end":{"line":30,"column":79}},"12":{"start":{"line":32,"column":19},"end":{"line":36,"column":8}},"13":{"start":{"line":37,"column":6},"end":{"line":37,"column":34}},"14":{"start":{"line":39,"column":6},"end":{"line":42,"column":8}},"15":{"start":{"line":44,"column":6},"end":{"line":47,"column":8}},"16":{"start":{"line":51,"column":4},"end":{"line":78,"column":null}},"17":{"start":{"line":52,"column":19},"end":{"line":54,"column":null}},"18":{"start":{"line":56,"column":6},"end":{"line":58,"column":null}},"19":{"start":{"line":57,"column":8},"end":{"line":57,"column":54}},"20":{"start":{"line":59,"column":30},"end":{"line":59,"column":64}},"21":{"start":{"line":60,"column":6},"end":{"line":65,"column":null}},"22":{"start":{"line":61,"column":8},"end":{"line":64,"column":10}},"23":{"start":{"line":67,"column":20},"end":{"line":67,"column":49}},"24":{"start":{"line":69,"column":6},"end":{"line":72,"column":8}},"25":{"start":{"line":74,"column":6},"end":{"line":77,"column":8}},"26":{"start":{"line":82,"column":4},"end":{"line":93,"column":null}},"27":{"start":{"line":83,"column":19},"end":{"line":83,"column":57}},"28":{"start":{"line":84,"column":6},"end":{"line":87,"column":8}},"29":{"start":{"line":89,"column":6},"end":{"line":92,"column":8}},"30":{"start":{"line":100,"column":4},"end":{"line":117,"column":null}},"31":{"start":{"line":101,"column":19},"end":{"line":101,"column":51}},"32":{"start":{"line":102,"column":6},"end":{"line":104,"column":null}},"33":{"start":{"line":103,"column":8},"end":{"line":103,"column":27}},"34":{"start":{"line":105,"column":6},"end":{"line":107,"column":null}},"35":{"start":{"line":106,"column":8},"end":{"line":106,"column":33}},"36":{"start":{"line":108,"column":6},"end":{"line":108,"column":34}},"37":{"start":{"line":109,"column":6},"end":{"line":111,"column":8}},"38":{"start":{"line":113,"column":6},"end":{"line":116,"column":8}},"39":{"start":{"line":15,"column":13},"end":{"line":119,"column":null}},"40":{"start":{"line":15,"column":13},"end":{"line":15,"column":25}}},"fnMap":{"0":{"name":"(anonymous_4)","decl":{"start":{"line":16,"column":2},"end":{"line":16,"column":null}},"loc":{"start":{"line":19,"column":43},"end":{"line":20,"column":6}}},"1":{"name":"(anonymous_5)","decl":{"start":{"line":22,"column":2},"end":{"line":22,"column":7}},"loc":{"start":{"line":26,"column":23},"end":{"line":49,"column":3}}},"2":{"name":"(anonymous_6)","decl":{"start":{"line":50,"column":2},"end":{"line":50,"column":7}},"loc":{"start":{"line":50,"column":45},"end":{"line":79,"column":3}}},"3":{"name":"(anonymous_7)","decl":{"start":{"line":81,"column":2},"end":{"line":81,"column":7}},"loc":{"start":{"line":81,"column":27},"end":{"line":94,"column":3}}},"4":{"name":"(anonymous_8)","decl":{"start":{"line":96,"column":2},"end":{"line":96,"column":7}},"loc":{"start":{"line":98,"column":41},"end":{"line":118,"column":3}}}},"branchMap":{"0":{"loc":{"start":{"line":29,"column":6},"end":{"line":31,"column":null}},"type":"if","locations":[{"start":{"line":29,"column":6},"end":{"line":31,"column":null}},{"start":{"line":29,"column":6},"end":{"line":31,"column":null}}]},"1":{"loc":{"start":{"line":56,"column":6},"end":{"line":58,"column":null}},"type":"if","locations":[{"start":{"line":56,"column":6},"end":{"line":58,"column":null}},{"start":{"line":56,"column":6},"end":{"line":58,"column":null}}]},"2":{"loc":{"start":{"line":60,"column":6},"end":{"line":65,"column":null}},"type":"if","locations":[{"start":{"line":60,"column":6},"end":{"line":65,"column":null}},{"start":{"line":60,"column":6},"end":{"line":65,"column":null}}]},"3":{"loc":{"start":{"line":102,"column":6},"end":{"line":104,"column":null}},"type":"if","locations":[{"start":{"line":102,"column":6},"end":{"line":104,"column":null}},{"start":{"line":102,"column":6},"end":{"line":104,"column":null}}]},"4":{"loc":{"start":{"line":105,"column":6},"end":{"line":107,"column":null}},"type":"if","locations":[{"start":{"line":105,"column":6},"end":{"line":107,"column":null}},{"start":{"line":105,"column":6},"end":{"line":107,"column":null}}]}},"s":{"0":0,"1":0,"2":0,"3":0,"4":0,"5":0,"6":0,"7":0,"8":0,"9":0,"10":0,"11":0,"12":0,"13":0,"14":0,"15":0,"16":0,"17":0,"18":0,"19":0,"20":0,"21":0,"22":0,"23":0,"24":0,"25":0,"26":0,"27":0,"28":0,"29":0,"30":0,"31":0,"32":0,"33":0,"34":0,"35":0,"36":0,"37":0,"38":0,"39":0,"40":0},"f":{"0":0,"1":0,"2":0,"3":0,"4":0},"b":{"0":[0,0],"1":[0,0],"2":[0,0],"3":[0,0],"4":[0,0]}}
}
