TN:
SF:src/jwt/jwt.service.ts
FN:8,(anonymous_4)
FN:12,(anonymous_5)
FN:16,(anonymous_6)
FNF:3
FNH:3
FNDA:3,(anonymous_4)
FNDA:1,(anonymous_5)
FNDA:1,(anonymous_6)
DA:1,2
DA:2,2
DA:4,2
DA:7,2
DA:9,3
DA:13,1
DA:17,1
LF:7
LH:7
BRF:0
BRH:0
end_of_record
TN:
SF:src/users/users.service.ts
FN:16,(anonymous_4)
FN:22,(anonymous_5)
FN:50,(anonymous_6)
FN:81,(anonymous_7)
FN:96,(anonymous_8)
FNF:5
FNH:5
FNDA:14,(anonymous_4)
FNDA:3,(anonymous_5)
FNDA:4,(anonymous_6)
FNDA:3,(anonymous_7)
FNDA:3,(anonymous_8)
DA:1,1
DA:2,1
DA:8,1
DA:9,1
DA:10,1
DA:15,1
DA:18,14
DA:19,14
DA:27,3
DA:28,3
DA:29,2
DA:30,1
DA:32,1
DA:37,1
DA:39,1
DA:44,1
DA:51,4
DA:52,4
DA:56,3
DA:57,1
DA:59,2
DA:60,2
DA:61,1
DA:67,1
DA:69,1
DA:74,1
DA:82,3
DA:83,3
DA:84,2
DA:89,1
DA:100,3
DA:101,3
DA:102,3
DA:103,2
DA:105,2
DA:106,1
DA:108,2
DA:109,2
DA:113,1
LF:39
LH:39
BRDA:29,0,0,1
BRDA:29,0,1,1
BRDA:56,1,0,1
BRDA:56,1,1,2
BRDA:60,2,0,1
BRDA:60,2,1,1
BRDA:102,3,0,2
BRDA:102,3,1,1
BRDA:105,4,0,1
BRDA:105,4,1,1
BRF:10
BRH:10
end_of_record
